

Microchip MPLAB XC8 Assembler V2.32 build 20210201212658 
                                                                                               Mon Dec 27 11:55:03 2021

Microchip MPLAB XC8 C Compiler v2.32 (Free license) build 20210201212658 Og1 
     1                           	processor	16F84A
     2                           	pagewidth 120
     3                           	opt	flic
     4                           	psect	cinit,global,class=CODE,merge=1,delta=2
     5                           	psect	cstackBANK0,global,class=BANK0,space=1,delta=1,noexec
     6                           	psect	maintext,global,class=CODE,split=1,delta=2
     7                           	psect	text1,local,class=CODE,merge=1,delta=2
     8                           	psect	intentry,global,class=CODE,delta=2
     9                           	psect	config,global,abs,ovrld,class=CONFIG,space=4,delta=2,noexec
    10                           	dabs	1,0x4E,2
    11  0000                     
    12                           ; Version 2.20
    13                           ; Generated 12/02/2020 GMT
    14                           ; 
    15                           ; Copyright © 2020, Microchip Technology Inc. and its subsidiaries ("Microchip")
    16                           ; All rights reserved.
    17                           ; 
    18                           ; This software is developed by Microchip Technology Inc. and its subsidiaries ("Microch
      +                          ip").
    19                           ; 
    20                           ; Redistribution and use in source and binary forms, with or without modification, are
    21                           ; permitted provided that the following conditions are met:
    22                           ; 
    23                           ;     1. Redistributions of source code must retain the above copyright notice, this lis
      +                          t of
    24                           ;        conditions and the following disclaimer.
    25                           ; 
    26                           ;     2. Redistributions in binary form must reproduce the above copyright notice, this 
      +                          list
    27                           ;        of conditions and the following disclaimer in the documentation and/or other
    28                           ;        materials provided with the distribution.
    29                           ; 
    30                           ;     3. Microchip's name may not be used to endorse or promote products derived from th
      +                          is
    31                           ;        software without specific prior written permission.
    32                           ; 
    33                           ; THIS SOFTWARE IS PROVIDED BY MICROCHIP "AS IS" AND ANY EXPRESS OR IMPLIED WARRANTIES,
    34                           ; INCLUDING, BUT NOT LIMITED TO, THE IMPLIED WARRANTIES OF MERCHANTABILITY AND FITNESS F
      +                          OR
    35                           ; PURPOSE ARE DISCLAIMED.  IN NO EVENT SHALL MICROCHIP BE LIABLE FOR ANY DIRECT, INDIREC
      +                          T,
    36                           ; INCIDENTAL, SPECIAL, EXEMPLARY, OR CONSEQUENTIAL DAMAGES (INCLUDING BUT NOT LIMITED TO
    37                           ; PROCUREMENT OF SUBSTITUTE GOODS OR SERVICES; LOSS OF USE, DATA OR PROFITS; OR BUSINESS
    38                           ; INTERRUPTION) HOWSOEVER CAUSED AND ON ANY THEORY OF LIABILITY, WHETHER IN CONTRACT, ST
      +                          RICT
    39                           ; LIABILITY, OR TORT (INCLUDING NEGLIGENCE OR OTHERWISE) ARISING IN ANY WAY OUT OF THE U
      +                          SE OF
    40                           ; THIS SOFTWARE, EVEN IF ADVISED OF THE POSSIBILITY OF SUCH DAMAGE.
    41                           ; 
    42                           ; 
    43                           ; Code-generator required, PIC16F84A Definitions
    44                           ; 
    45                           ; SFR Addresses
    46  0000                     	;# 
    47  0001                     	;# 
    48  0002                     	;# 
    49  0003                     	;# 
    50  0004                     	;# 
    51  0005                     	;# 
    52  0006                     	;# 
    53  0008                     	;# 
    54  0009                     	;# 
    55  000A                     	;# 
    56  000B                     	;# 
    57  0081                     	;# 
    58  0085                     	;# 
    59  0086                     	;# 
    60  0088                     	;# 
    61  0089                     	;# 
    62  0000                     	;# 
    63  0001                     	;# 
    64  0002                     	;# 
    65  0003                     	;# 
    66  0004                     	;# 
    67  0005                     	;# 
    68  0006                     	;# 
    69  0008                     	;# 
    70  0009                     	;# 
    71  000A                     	;# 
    72  000B                     	;# 
    73  0081                     	;# 
    74  0085                     	;# 
    75  0086                     	;# 
    76  0088                     	;# 
    77  0089                     	;# 
    78  0006                     _PORTB	set	6
    79  0005                     _PORTA	set	5
    80  0037                     _RB7	set	55
    81  0036                     _RB6	set	54
    82  005C                     _INTE	set	92
    83  005F                     _GIE	set	95
    84  0059                     _INTF	set	89
    85  0086                     _TRISB	set	134
    86  0085                     _TRISA	set	133
    87                           
    88                           	psect	cinit
    89  000C                     start_initialization:	
    90                           ; #config settings
    91                           
    92  000C                     __initialization:
    93  000C                     end_of_initialization:	
    94                           ;End of C runtime variable initialization code
    95                           
    96  000C                     __end_of__initialization:
    97  000C  0183               	clrf	3
    98  000D  280E               	ljmp	_main	;jump to C main() function
    99                           
   100                           	psect	cstackBANK0
   101  000C                     __pcstackBANK0:
   102  000C                     ?_interrupts_function:
   103  000C                     ??_interrupts_function:	
   104                           ; 1 bytes @ 0x0
   105                           
   106  000C                     ?_main:	
   107                           ; 1 bytes @ 0x0
   108                           
   109                           
   110                           ; 1 bytes @ 0x0
   111  000C                     	ds	5
   112  0011                     ??_main:
   113                           
   114                           ; 1 bytes @ 0x5
   115  0011                     	ds	3
   116                           
   117                           	psect	maintext
   118  000E                     __pmaintext:	
   119 ;;
   120 ;;Main: autosize = 0, tempsize = 3, incstack = 0, save=0
   121 ;;
   122 ;; *************** function _main *****************
   123 ;; Defined at:
   124 ;;		line 52 in file "rb0.c"
   125 ;; Parameters:    Size  Location     Type
   126 ;;		None
   127 ;; Auto vars:     Size  Location     Type
   128 ;;		None
   129 ;; Return value:  Size  Location     Type
   130 ;;                  1    wreg      void 
   131 ;; Registers used:
   132 ;;		wreg, status,2
   133 ;; Tracked objects:
   134 ;;		On entry : B00/0
   135 ;;		On exit  : 0/0
   136 ;;		Unchanged: 0/0
   137 ;; Data sizes:     COMMON   BANK0
   138 ;;      Params:         0       0
   139 ;;      Locals:         0       0
   140 ;;      Temps:          0       3
   141 ;;      Totals:         0       3
   142 ;;Total ram usage:        3 bytes
   143 ;; Hardware stack levels required when called: 1
   144 ;; This function calls:
   145 ;;		Nothing
   146 ;; This function is called by:
   147 ;;		Startup code after reset
   148 ;; This function uses a non-reentrant model
   149 ;;
   150                           
   151                           
   152                           ;psect for function _main
   153  000E                     _main:
   154  000E                     l668:	
   155                           ;incstack = 0
   156                           ; Regs used in _main: [wreg+status,2]
   157                           
   158  000E  178B               	bsf	11,7	;volatile
   159  000F  160B               	bsf	11,4	;volatile
   160  0010                     l670:
   161  0010  1683               	bsf	3,5	;RP0=1, select bank1
   162  0011  0185               	clrf	5	;volatile
   163  0012                     l672:
   164  0012  3001               	movlw	1
   165  0013  0086               	movwf	6	;volatile
   166  0014                     l674:
   167  0014  1283               	bcf	3,5	;RP0=0, select bank0
   168  0015  0185               	clrf	5	;volatile
   169  0016                     l676:
   170  0016  0186               	clrf	6	;volatile
   171  0017                     l678:
   172  0017  1283               	bcf	3,5	;RP0=0, select bank0
   173  0018  1306               	bcf	6,6	;volatile
   174  0019                     l680:
   175  0019  3006               	movlw	6
   176  001A  0093               	movwf	??_main+2
   177  001B  3013               	movlw	19
   178  001C  0092               	movwf	??_main+1
   179  001D  30AD               	movlw	173
   180  001E  0091               	movwf	??_main
   181  001F                     u37:
   182  001F  0B91               	decfsz	??_main,f
   183  0020  281F               	goto	u37
   184  0021  0B92               	decfsz	??_main+1,f
   185  0022  281F               	goto	u37
   186  0023  0B93               	decfsz	??_main+2,f
   187  0024  281F               	goto	u37
   188  0025  2826               	nop2
   189  0026                     l682:
   190  0026  1283               	bcf	3,5	;RP0=0, select bank0
   191  0027  1706               	bsf	6,6	;volatile
   192  0028                     l684:
   193  0028  3006               	movlw	6
   194  0029  0093               	movwf	??_main+2
   195  002A  3013               	movlw	19
   196  002B  0092               	movwf	??_main+1
   197  002C  30AD               	movlw	173
   198  002D  0091               	movwf	??_main
   199  002E                     u47:
   200  002E  0B91               	decfsz	??_main,f
   201  002F  282E               	goto	u47
   202  0030  0B92               	decfsz	??_main+1,f
   203  0031  282E               	goto	u47
   204  0032  0B93               	decfsz	??_main+2,f
   205  0033  282E               	goto	u47
   206  0034  2835               	nop2
   207  0035                     l686:
   208  0035  1283               	bcf	3,5	;RP0=0, select bank0
   209  0036  1386               	bcf	6,7	;volatile
   210  0037                     l688:
   211  0037  3006               	movlw	6
   212  0038  0093               	movwf	??_main+2
   213  0039  3013               	movlw	19
   214  003A  0092               	movwf	??_main+1
   215  003B  30AD               	movlw	173
   216  003C  0091               	movwf	??_main
   217  003D                     u57:
   218  003D  0B91               	decfsz	??_main,f
   219  003E  283D               	goto	u57
   220  003F  0B92               	decfsz	??_main+1,f
   221  0040  283D               	goto	u57
   222  0041  0B93               	decfsz	??_main+2,f
   223  0042  283D               	goto	u57
   224  0043  2844               	nop2
   225  0044                     l690:
   226  0044  1283               	bcf	3,5	;RP0=0, select bank0
   227  0045  1786               	bsf	6,7	;volatile
   228  0046                     l692:
   229  0046  3006               	movlw	6
   230  0047  0093               	movwf	??_main+2
   231  0048  3013               	movlw	19
   232  0049  0092               	movwf	??_main+1
   233  004A  30AD               	movlw	173
   234  004B  0091               	movwf	??_main
   235  004C                     u67:
   236  004C  0B91               	decfsz	??_main,f
   237  004D  284C               	goto	u67
   238  004E  0B92               	decfsz	??_main+1,f
   239  004F  284C               	goto	u67
   240  0050  0B93               	decfsz	??_main+2,f
   241  0051  284C               	goto	u67
   242  0052  2853               	nop2
   243  0053  2817               	goto	l678
   244  0054  280B               	ljmp	start
   245  0055                     __end_of_main:
   246                           
   247                           	psect	text1
   248  0055                     __ptext1:	
   249 ;; *************** function _interrupts_function *****************
   250 ;; Defined at:
   251 ;;		line 41 in file "rb0.c"
   252 ;; Parameters:    Size  Location     Type
   253 ;;		None
   254 ;; Auto vars:     Size  Location     Type
   255 ;;		None
   256 ;; Return value:  Size  Location     Type
   257 ;;                  1    wreg      void 
   258 ;; Registers used:
   259 ;;		wreg, status,2
   260 ;; Tracked objects:
   261 ;;		On entry : 0/0
   262 ;;		On exit  : 0/0
   263 ;;		Unchanged: 0/0
   264 ;; Data sizes:     COMMON   BANK0
   265 ;;      Params:         0       0
   266 ;;      Locals:         0       0
   267 ;;      Temps:          0       5
   268 ;;      Totals:         0       5
   269 ;;Total ram usage:        5 bytes
   270 ;; Hardware stack levels used: 1
   271 ;; This function calls:
   272 ;;		Nothing
   273 ;; This function is called by:
   274 ;;		Interrupt level 1
   275 ;; This function uses a non-reentrant model
   276 ;;
   277                           
   278                           
   279                           ;psect for function _interrupts_function
   280  0055                     _interrupts_function:
   281  0055                     i1l660:
   282  0055  1C8B               	btfss	11,1	;volatile
   283  0056  2858               	goto	u2_21
   284  0057  2859               	goto	u2_20
   285  0058                     u2_21:
   286  0058  286A               	goto	i1l666
   287  0059                     u2_20:
   288  0059                     i1l662:
   289  0059  3001               	movlw	1
   290  005A  0085               	movwf	5	;volatile
   291  005B  300B               	movlw	11
   292  005C  008E               	movwf	??_interrupts_function+2
   293  005D  3026               	movlw	38
   294  005E  008D               	movwf	??_interrupts_function+1
   295  005F  305D               	movlw	93
   296  0060  008C               	movwf	??_interrupts_function
   297  0061                     u7_27:
   298  0061  0B8C               	decfsz	??_interrupts_function,f
   299  0062  2861               	goto	u7_27
   300  0063  0B8D               	decfsz	??_interrupts_function+1,f
   301  0064  2861               	goto	u7_27
   302  0065  0B8E               	decfsz	??_interrupts_function+2,f
   303  0066  2861               	goto	u7_27
   304  0067  2868               	nop2
   305  0068                     i1l664:
   306  0068  1283               	bcf	3,5	;RP0=0, select bank0
   307  0069  0185               	clrf	5	;volatile
   308  006A                     i1l666:
   309  006A  108B               	bcf	11,1	;volatile
   310  006B                     i1l26:
   311  006B  0810               	movf	??_interrupts_function+4,w
   312  006C  008A               	movwf	10
   313  006D  0E0F               	swapf	??_interrupts_function+3,w
   314  006E  0083               	movwf	3
   315  006F  0ECE               	swapf	btemp,f
   316  0070  0E4E               	swapf	btemp,w
   317  0071  0009               	retfie
   318  0072                     __end_of_interrupts_function:
   319  004E                     btemp	set	78	;btemp
   320  004E                     wtemp0	set	78
   321                           
   322                           	psect	intentry
   323  0004                     __pintentry:	
   324                           ;incstack = 0
   325                           ; Regs used in _interrupts_function: [wreg+status,2]
   326                           
   327  0004                     interrupt_function:
   328  004E                     saved_w	set	btemp
   329  0004  00CE               	movwf	btemp
   330  0005  0E03               	swapf	3,w
   331  0006  1283               	bcf	3,5	;RP0=0, select bank0
   332  0007  008F               	movwf	??_interrupts_function+3
   333  0008  080A               	movf	10,w
   334  0009  0090               	movwf	??_interrupts_function+4
   335  000A  2855               	ljmp	_interrupts_function
   336                           
   337                           	psect	config
   338                           
   339                           ;Config register CONFIG @ 0x2007
   340                           ;	Oscillator Selection bits
   341                           ;	FOSC = EXTRC, RC oscillator
   342                           ;	Watchdog Timer
   343                           ;	WDTE = OFF, WDT disabled
   344                           ;	Power-up Timer Enable bit
   345                           ;	PWRTE = OFF, Power-up Timer is disabled
   346                           ;	Code Protection bit
   347                           ;	CP = OFF, Code protection disabled
   348  2007                     	org	8199
   349  2007  3FFB               	dw	16379

Data Sizes:
    Strings     0
    Constant    0
    Data        0
    BSS         0
    Persistent  0
    Stack       0

Auto Spaces:
    Space          Size  Autos    Used
    COMMON            0      0       0
    BANK0            66      8       8

Pointer List with Targets:

    None.

Critical Paths under _main in COMMON

    None.

Critical Paths under _interrupts_function in COMMON

    None.

Critical Paths under _main in BANK0

    None.

Critical Paths under _interrupts_function in BANK0

    None.

Call Graph Tables:

 ---------------------------------------------------------------------------------
 (Depth) Function   	        Calls       Base Space   Used Autos Params    Refs
 ---------------------------------------------------------------------------------
 (0) _main                                                 3     3      0       0
                                              5 BANK0      3     3      0
 ---------------------------------------------------------------------------------
 Estimated maximum stack depth 0
 ---------------------------------------------------------------------------------
 (Depth) Function   	        Calls       Base Space   Used Autos Params    Refs
 ---------------------------------------------------------------------------------
 (1) _interrupts_function                                  5     5      0       0
                                              0 BANK0      5     5      0
 ---------------------------------------------------------------------------------
 Estimated maximum stack depth 1
 ---------------------------------------------------------------------------------

 Call Graph Graphs:

 _main (ROOT)

 _interrupts_function (ROOT)

 Address spaces:
Name               Size   Autos  Total    Cost      Usage
BITCOMMON            0      0       0       0        0.0%
EEDATA              40      0       0       0        0.0%
NULL                 0      0       0       0        0.0%
CODE                 0      0       0       0        0.0%
BITSFR0              0      0       0       1        0.0%
SFR0                 0      0       0       1        0.0%
COMMON               0      0       0       1        0.0%
BITSFR1              0      0       0       2        0.0%
SFR1                 0      0       0       2        0.0%
STACK                0      0       0       2        0.0%
BANK0               42      8       8       3       12.1%
ABS                  0      0       0       4        0.0%
BITBANK0            42      0       0       5        0.0%
DATA                 0      0       0       6        0.0%


Microchip Technology PIC Macro Assembler V2.32 build 20210201212658 
Symbol Table                                                                                   Mon Dec 27 11:55:03 2021

       ??_interrupts_function 000C                            u37 001F                            u47 002E  
                          u57 003D                            u67 004C                           l670 0010  
                         l680 0019                           l672 0012                           l690 0044  
                         l682 0026                           l674 0014                           l692 0046  
                         l684 0028                           l676 0016                           l668 000E  
                         l686 0035                           l678 0017                           l688 0037  
                         _GIE 005F                           _RB6 0036                           _RB7 0037  
                        _INTE 005C                          _INTF 0059                          i1l26 006B  
                        u2_20 0059                          u2_21 0058                          u7_27 0061  
                        _main 000E                          btemp 004E                          start 000B  
                       ?_main 000C                         i1l660 0055                         i1l662 0059  
                       i1l664 0068                         i1l666 006A                         _PORTA 0005  
                       _PORTB 0006                         _TRISA 0085                         _TRISB 0086  
                       pclath 000A                         status 0003                         wtemp0 004E  
             __initialization 000C                  __end_of_main 0055                        ??_main 0011  
                      saved_w 004E       __end_of__initialization 000C   __end_of_interrupts_function 0072  
                  __pmaintext 000E                    __pintentry 0004                       __ptext1 0055  
        end_of_initialization 000C           start_initialization 000C                     ___latbits 0000  
               __pcstackBANK0 000C  __size_of_interrupts_function 001D             interrupt_function 0004  
               __size_of_main 0047           _interrupts_function 0055                      intlevel1 0000  
        ?_interrupts_function 000C  
